2025-01-17 13:47:49,872 - blog_logic - INFO - New BlogLogic instance created
2025-01-17 13:47:49,872 - blog_logic - INFO - Attempting to open persistent storage
2025-01-17 13:47:49,872 - blog_logic - INFO - Persistant storage opened as local storage
2025-01-17 13:47:52,772 - backend_app - INFO - Incoming  GET from 127.0.0.1
2025-01-17 13:48:03,056 - backend_app - INFO - Incoming  GET from 127.0.0.1
2025-01-17 13:48:04,372 - backend_app - INFO - Incoming  GET from 127.0.0.1
2025-01-17 13:48:14,346 - backend_app - INFO - Incoming  GET from 127.0.0.1
2025-01-17 13:48:14,347 - blog_logic - INFO - Starting filter post routine with search patter: dazzle
2025-01-17 13:48:14,347 - blog_logic - INFO - 1 post(s) found with matching search_pattern: dazzle
2025-01-17 13:48:16,771 - backend_app - INFO - Incoming  GET from 127.0.0.1
2025-01-17 13:48:16,771 - blog_logic - INFO - Starting filter post routine with search patter: dazzle
2025-01-17 13:48:16,772 - blog_logic - INFO - 1 post(s) found with matching search_pattern: dazzle
2025-01-17 13:54:32,297 - blog_logic - INFO - New BlogLogic instance created
2025-01-17 13:54:32,297 - blog_logic - INFO - Attempting to open persistent storage
2025-01-17 13:54:32,297 - blog_logic - INFO - Persistant storage opened as local storage
2025-01-17 13:54:36,214 - backend_app - INFO - Incoming  GET from 127.0.0.1
2025-01-17 13:54:36,216 - blog_logic - INFO - Starting filter post routine with search patter: dazzle
2025-01-17 13:54:36,216 - blog_logic - INFO - 1 post(s) found with matching search_pattern: dazzle
2025-01-17 13:54:43,529 - backend_app - INFO - Incoming  GET from 127.0.0.1
2025-01-17 13:54:50,405 - backend_app - INFO - Incoming  GET from 127.0.0.1
2025-01-17 13:54:50,406 - blog_logic - INFO - Starting filter post routine with search patter: dazzle
2025-01-17 13:54:50,406 - blog_logic - INFO - 1 post(s) found with matching search_pattern: dazzle
2025-01-17 13:54:53,552 - backend_app - INFO - Incoming  GET from 127.0.0.1
2025-01-17 13:54:53,552 - blog_logic - INFO - Starting filter post routine with search patter: dazzle
2025-01-17 13:54:53,552 - blog_logic - INFO - 1 post(s) found with matching search_pattern: dazzle
2025-01-17 13:54:53,553 - blog_logic - INFO - Starting to sort posts by criteria: sort='title', direction=None
2025-01-17 13:54:53,553 - backend_app - ERROR - Exception on /api/posts [GET]
Traceback (most recent call last):
  File "/Users/dda/Library/Caches/pypoetry/virtualenvs/masterblog-api-XSAuswPX-py3.13/lib/python3.13/site-packages/flask/app.py", line 1511, in wsgi_app
    response = self.full_dispatch_request()
  File "/Users/dda/Library/Caches/pypoetry/virtualenvs/masterblog-api-XSAuswPX-py3.13/lib/python3.13/site-packages/flask/app.py", line 919, in full_dispatch_request
    rv = self.handle_user_exception(e)
  File "/Users/dda/Library/Caches/pypoetry/virtualenvs/masterblog-api-XSAuswPX-py3.13/lib/python3.13/site-packages/flask_cors/extension.py", line 194, in wrapped_function
    return cors_after_request(app.make_response(f(*args, **kwargs)))
                                                ~^^^^^^^^^^^^^^^^^
  File "/Users/dda/Library/Caches/pypoetry/virtualenvs/masterblog-api-XSAuswPX-py3.13/lib/python3.13/site-packages/flask/app.py", line 917, in full_dispatch_request
    rv = self.dispatch_request()
  File "/Users/dda/Library/Caches/pypoetry/virtualenvs/masterblog-api-XSAuswPX-py3.13/lib/python3.13/site-packages/flask/app.py", line 902, in dispatch_request
    return self.ensure_sync(self.view_functions[rule.endpoint])(**view_args)  # type: ignore[no-any-return]
           ~~~~~~~~~~~~~~~~~~~~~~~~~~~~~~~~~~~~~~~~~~~~~~~~~~~~^^^^^^^^^^^^^
  File "/Users/dda/Library/Caches/pypoetry/virtualenvs/masterblog-api-XSAuswPX-py3.13/lib/python3.13/site-packages/flask_limiter/extension.py", line 1298, in __inner
    return cast(R, flask.current_app.ensure_sync(obj)(*a, **k))
                   ~~~~~~~~~~~~~~~~~~~~~~~~~~~~~~~~~~^^^^^^^^^
  File "/Users/dda/PycharmProjects/Masterblog_api/backend/backend_app.py", line 54, in get_posts
    sorted_posts = blog.sort_posts(filtered_posts = posts, sort=sort, direction=direction)
  File "/Users/dda/PycharmProjects/Masterblog_api/backend/blog_logic.py", line 94, in sort_posts
    direction_bool = direction.lower() != "asc"
                     ^^^^^^^^^^^^^^^
AttributeError: 'NoneType' object has no attribute 'lower'
2025-01-17 13:56:09,694 - blog_logic - INFO - New BlogLogic instance created
2025-01-17 13:56:09,694 - blog_logic - INFO - Attempting to open persistent storage
2025-01-17 13:56:09,695 - blog_logic - INFO - Persistant storage opened as local storage
2025-01-17 13:56:13,085 - backend_app - INFO - Incoming  GET from 127.0.0.1
2025-01-17 13:56:13,086 - blog_logic - INFO - Starting filter post routine with search patter: dazzle
2025-01-17 13:56:13,086 - blog_logic - INFO - 1 post(s) found with matching search_pattern: dazzle
2025-01-17 13:56:13,086 - blog_logic - INFO - Starting to sort posts by criteria: sort='title', direction='asc'
2025-01-17 13:56:13,086 - blog_logic - INFO - Posts sorted by criteria: sort='title', direction='asc'
